<?xml version="1.0" encoding="UTF-8"?>
<!-- Generated by org.testng.reporters.JUnitXMLReporter -->
<testsuite ignored="0" hostname="DESKTOP-GSVK2U3" failures="1" tests="1" name="Error screenshot Test" time="25.944" errors="0" timestamp="2025-09-08T22:40:42 IST">
  <testcase classname="RajAutomation.Tests.ErrorValidations" name="errororder" time="1.719">
    <failure type="java.lang.AssertionError" message="expected [[[ChromeDriver: chrome on windows (ad0f4f77276a0e8edb4daf0bd7a1ed1c)] -&amp;gt; css selector: [class*=&amp;apos;flyInOut&amp;apos;]]] but found [Incorrect email or password.]">
      <![CDATA[java.lang.AssertionError: expected [[[ChromeDriver: chrome on windows (ad0f4f77276a0e8edb4daf0bd7a1ed1c)] -> css selector: [class*='flyInOut']]] but found [Incorrect email or password.]
at RajAutomation.Tests.ErrorValidations.errororder(ErrorValidations.java:17)
at java.base/java.util.ArrayList.forEach(ArrayList.java:1511)
at java.base/java.util.concurrent.FutureTask.run(FutureTask.java:317)
at java.base/java.util.concurrent.ThreadPoolExecutor.runWorker(ThreadPoolExecutor.java:1144)
at java.base/java.util.concurrent.ThreadPoolExecutor$Worker.run(ThreadPoolExecutor.java:642)
at java.base/java.lang.Thread.run(Thread.java:1589)
... Removed 21 stack frames]]>
    </failure>
  </testcase> <!-- errororder -->
</testsuite> <!-- Error screenshot Test -->
