<?xml version="1.0" encoding="UTF-8"?>
<testng-results ignored="0" total="2" passed="2" failed="0" skipped="0">
  <reporter-output>
  </reporter-output>
  <suite started-at="2025-11-07T09:22:32 IST" name="Default suite" finished-at="2025-11-07T09:22:40 IST" duration-ms="7751">
    <groups>
    </groups>
    <test started-at="2025-11-07T09:22:32 IST" name="Default test" finished-at="2025-11-07T09:22:40 IST" duration-ms="7751">
      <class name="ExtentReportGen.ExtentDemo">
        <test-method is-config="true" signature="configuration()[pri:0, instance:ExtentReportGen.ExtentDemo@14dd9eb7]" started-at="2025-11-07T09:22:32 IST" name="configuration" finished-at="2025-11-07T09:22:33 IST" duration-ms="334" status="PASS">
          <reporter-output>
          </reporter-output>
        </test-method> <!-- configuration -->
        <test-method signature="demometh()[pri:0, instance:ExtentReportGen.ExtentDemo@14dd9eb7]" started-at="2025-11-07T09:22:33 IST" name="demometh" finished-at="2025-11-07T09:22:38 IST" duration-ms="5038" status="PASS">
          <reporter-output>
          </reporter-output>
        </test-method> <!-- demometh -->
        <test-method signature="wikip()[pri:0, instance:ExtentReportGen.ExtentDemo@14dd9eb7]" started-at="2025-11-07T09:22:38 IST" name="wikip" finished-at="2025-11-07T09:22:40 IST" duration-ms="2342" status="PASS">
          <reporter-output>
          </reporter-output>
        </test-method> <!-- wikip -->
      </class> <!-- ExtentReportGen.ExtentDemo -->
    </test> <!-- Default test -->
  </suite> <!-- Default suite -->
</testng-results>
