<?xml version="1.0" encoding="UTF-8"?>
<!-- Generated by org.testng.reporters.JUnitReportReporter -->
<testsuite hostname="DESKTOP-GSVK2U3" failures="0" tests="2" name="ExtentReportGen.ExtentDemo" time="7.380" errors="0" timestamp="2025-11-07T09:22:40 IST" skipped="0">
  <testcase classname="ExtentReportGen.ExtentDemo" name="wikip" time="2.342"/>
  <system-out/>
  <testcase classname="ExtentReportGen.ExtentDemo" name="demometh" time="5.038"/>
  <system-out/>
</testsuite> <!-- ExtentReportGen.ExtentDemo -->
