<?xml version="1.0" encoding="UTF-8"?>
<!-- Generated by org.testng.reporters.JUnitReportReporter -->
<testsuite hostname="DESKTOP-GSVK2U3" failures="0" tests="2" name="RajAutomation.Tests.Standalone" time="44.318" errors="0" timestamp="2025-11-06T23:12:01 IST" skipped="0">
  <testcase classname="RajAutomation.Tests.Standalone" name="standalone" time="23.002"/>
  <system-out/>
  <testcase classname="RajAutomation.Tests.Standalone" name="standalone" time="21.316"/>
  <system-out/>
</testsuite> <!-- RajAutomation.Tests.Standalone -->
